
[2026-01-20T14:35:57.533Z] SignUp Response Status: 200
SignUp Set-Cookie: better-auth.session_token=p0vET6cRM85vQDG73f0FMpPj2qVSeKzq.%2B8ql9KDnsMCJK6e3%2BErrju6Y5zrTQDTp1KKDPn9PSKA%3D; Max-Age=604800; Path=/; HttpOnly; SameSite=Lax
SignUp getSetCookie (if available): ["better-auth.session_token=p0vET6cRM85vQDG73f0FMpPj2qVSeKzq.%2B8ql9KDnsMCJK6e3%2BErrju6Y5zrTQDTp1KKDPn9PSKA%3D; Max-Age=604800; Path=/; HttpOnly; SameSite=Lax"]
Parsed Cookies to Set: ["better-auth.session_token=p0vET6cRM85vQDG73f0FMpPj2qVSeKzq.%2B8ql9KDnsMCJK6e3%2BErrju6Y5zrTQDTp1KKDPn9PSKA%3D; Max-Age=604800; Path=/; HttpOnly; SameSite=Lax"]
[2026-01-20T14:35:57.579Z] Org Response Status: 200
Org Set-Cookie: null
[2026-01-20T14:37:51.783Z] HOOKS: Received session cookie: p0vET6cRM8...
[2026-01-20T14:37:51.831Z] HOOKS: API Response 200 OK
[2026-01-20T14:37:51.848Z] HOOKS: Received session cookie: p0vET6cRM8...
[2026-01-20T14:37:51.867Z] HOOKS: API Response 200 OK
[2026-01-20T14:37:51.896Z] HOOKS: Received session cookie: p0vET6cRM8...
[2026-01-20T14:37:51.918Z] HOOKS: API Response 200 OK
[2026-01-20T14:37:51.935Z] HOOKS: Received session cookie: p0vET6cRM8...
[2026-01-20T14:37:51.958Z] HOOKS: API Response 200 OK
[2026-01-20T14:37:51.985Z] HOOKS: Received session cookie: p0vET6cRM8...
[2026-01-20T14:37:52.004Z] HOOKS: API Response 200 OK
[2026-01-20T14:37:52.021Z] HOOKS: Received session cookie: p0vET6cRM8...
[2026-01-20T14:37:52.041Z] HOOKS: API Response 200 OK
[2026-01-20T14:37:52.064Z] HOOKS: Received session cookie: p0vET6cRM8...
[2026-01-20T14:37:52.081Z] HOOKS: API Response 200 OK
[2026-01-20T14:37:52.098Z] HOOKS: Received session cookie: p0vET6cRM8...
[2026-01-20T14:37:52.116Z] HOOKS: API Response 200 OK
[2026-01-20T14:37:52.147Z] HOOKS: Received session cookie: p0vET6cRM8...
[2026-01-20T14:37:52.164Z] HOOKS: API Response 200 OK
[2026-01-20T14:37:52.180Z] HOOKS: Received session cookie: p0vET6cRM8...
[2026-01-20T14:37:52.199Z] HOOKS: API Response 200 OK
[2026-01-20T14:37:52.225Z] HOOKS: Received session cookie: p0vET6cRM8...
[2026-01-20T14:37:52.245Z] HOOKS: API Response 200 OK
[2026-01-20T14:37:52.264Z] HOOKS: Received session cookie: p0vET6cRM8...
[2026-01-20T14:37:52.281Z] HOOKS: API Response 200 OK
[2026-01-20T14:37:52.307Z] HOOKS: Received session cookie: p0vET6cRM8...
[2026-01-20T14:37:52.326Z] HOOKS: API Response 200 OK
[2026-01-20T14:37:52.344Z] HOOKS: Received session cookie: p0vET6cRM8...
[2026-01-20T14:37:52.364Z] HOOKS: API Response 200 OK
[2026-01-20T14:37:52.388Z] HOOKS: Received session cookie: p0vET6cRM8...
[2026-01-20T14:37:52.407Z] HOOKS: API Response 200 OK
[2026-01-20T14:37:52.424Z] HOOKS: Received session cookie: p0vET6cRM8...
[2026-01-20T14:37:52.440Z] HOOKS: API Response 200 OK
[2026-01-20T14:37:52.463Z] HOOKS: Received session cookie: p0vET6cRM8...
[2026-01-20T14:37:52.479Z] HOOKS: API Response 200 OK
[2026-01-20T14:37:52.495Z] HOOKS: Received session cookie: p0vET6cRM8...
[2026-01-20T14:37:52.514Z] HOOKS: API Response 200 OK
[2026-01-20T14:37:52.541Z] HOOKS: Received session cookie: p0vET6cRM8...
[2026-01-20T14:37:52.559Z] HOOKS: API Response 200 OK
[2026-01-20T14:37:52.575Z] HOOKS: Received session cookie: p0vET6cRM8...
[2026-01-20T14:37:52.592Z] HOOKS: API Response 200 OK
[2026-01-20T14:37:53.664Z] HOOKS: Received session cookie: p0vET6cRM8...
[2026-01-20T14:37:53.687Z] HOOKS: API Response 200 OK
[2026-01-20T14:37:53.722Z] HOOKS: Received session cookie: p0vET6cRM8...
[2026-01-20T14:37:53.748Z] HOOKS: API Response 200 OK
[2026-01-20T14:37:53.778Z] HOOKS: Received session cookie: p0vET6cRM8...
[2026-01-20T14:37:53.800Z] HOOKS: API Response 200 OK
[2026-01-20T14:37:53.837Z] HOOKS: Received session cookie: p0vET6cRM8...
[2026-01-20T14:37:53.860Z] HOOKS: API Response 200 OK
[2026-01-20T14:37:53.879Z] HOOKS: Received session cookie: p0vET6cRM8...
[2026-01-20T14:37:53.899Z] HOOKS: API Response 200 OK
[2026-01-20T14:37:53.928Z] HOOKS: Received session cookie: p0vET6cRM8...
[2026-01-20T14:37:53.947Z] HOOKS: API Response 200 OK
[2026-01-20T14:37:53.963Z] HOOKS: Received session cookie: p0vET6cRM8...
[2026-01-20T14:37:53.981Z] HOOKS: API Response 200 OK
[2026-01-20T14:37:54.009Z] HOOKS: Received session cookie: p0vET6cRM8...
[2026-01-20T14:37:54.027Z] HOOKS: API Response 200 OK
[2026-01-20T14:37:54.049Z] HOOKS: Received session cookie: p0vET6cRM8...
[2026-01-20T14:37:54.067Z] HOOKS: API Response 200 OK
[2026-01-20T14:37:54.096Z] HOOKS: Received session cookie: p0vET6cRM8...
[2026-01-20T14:37:54.124Z] HOOKS: API Response 200 OK
[2026-01-20T14:37:54.142Z] HOOKS: Received session cookie: p0vET6cRM8...
[2026-01-20T14:37:54.163Z] HOOKS: API Response 200 OK
[2026-01-20T14:37:54.189Z] HOOKS: Received session cookie: p0vET6cRM8...
[2026-01-20T14:37:54.209Z] HOOKS: API Response 200 OK
[2026-01-20T14:37:54.228Z] HOOKS: Received session cookie: p0vET6cRM8...
[2026-01-20T14:37:54.246Z] HOOKS: API Response 200 OK
[2026-01-20T14:37:54.272Z] HOOKS: Received session cookie: p0vET6cRM8...
[2026-01-20T14:37:54.291Z] HOOKS: API Response 200 OK
[2026-01-20T14:37:54.306Z] HOOKS: Received session cookie: p0vET6cRM8...
[2026-01-20T14:37:54.325Z] HOOKS: API Response 200 OK
[2026-01-20T14:37:54.350Z] HOOKS: Received session cookie: p0vET6cRM8...
[2026-01-20T14:37:54.368Z] HOOKS: API Response 200 OK
[2026-01-20T14:37:54.384Z] HOOKS: Received session cookie: p0vET6cRM8...
[2026-01-20T14:37:54.401Z] HOOKS: API Response 200 OK
[2026-01-20T14:37:54.427Z] HOOKS: Received session cookie: p0vET6cRM8...
[2026-01-20T14:37:54.459Z] HOOKS: API Response 200 OK
[2026-01-20T14:37:54.476Z] HOOKS: Received session cookie: p0vET6cRM8...
[2026-01-20T14:37:54.495Z] HOOKS: API Response 200 OK
[2026-01-20T14:37:54.524Z] HOOKS: Received session cookie: p0vET6cRM8...
[2026-01-20T14:37:54.546Z] HOOKS: API Response 200 OK
[2026-01-20T14:37:59.586Z] HOOKS: Received session cookie: p0vET6cRM8...
[2026-01-20T14:37:59.615Z] HOOKS: API Response 200 OK
[2026-01-20T14:37:59.645Z] HOOKS: Received session cookie: p0vET6cRM8...
[2026-01-20T14:37:59.674Z] HOOKS: API Response 200 OK
[2026-01-20T14:37:59.715Z] HOOKS: Received session cookie: p0vET6cRM8...
[2026-01-20T14:37:59.731Z] HOOKS: API Response 200 OK
[2026-01-20T14:37:59.767Z] HOOKS: Received session cookie: p0vET6cRM8...
[2026-01-20T14:37:59.780Z] HOOKS: API Response 200 OK
[2026-01-20T14:37:59.816Z] HOOKS: Received session cookie: p0vET6cRM8...
[2026-01-20T14:37:59.832Z] HOOKS: API Response 200 OK
[2026-01-20T14:37:59.849Z] HOOKS: Received session cookie: p0vET6cRM8...
[2026-01-20T14:37:59.863Z] HOOKS: API Response 200 OK
[2026-01-20T14:37:59.889Z] HOOKS: Received session cookie: p0vET6cRM8...
[2026-01-20T14:37:59.905Z] HOOKS: API Response 200 OK
[2026-01-20T14:37:59.928Z] HOOKS: Received session cookie: p0vET6cRM8...
[2026-01-20T14:37:59.945Z] HOOKS: API Response 200 OK
[2026-01-20T14:37:59.969Z] HOOKS: Received session cookie: p0vET6cRM8...
[2026-01-20T14:37:59.984Z] HOOKS: API Response 200 OK
[2026-01-20T14:38:00.004Z] HOOKS: Received session cookie: p0vET6cRM8...
[2026-01-20T14:38:00.021Z] HOOKS: API Response 200 OK
[2026-01-20T14:38:00.050Z] HOOKS: Received session cookie: p0vET6cRM8...
[2026-01-20T14:38:00.065Z] HOOKS: API Response 200 OK
[2026-01-20T14:38:00.083Z] HOOKS: Received session cookie: p0vET6cRM8...
[2026-01-20T14:38:00.097Z] HOOKS: API Response 200 OK
[2026-01-20T14:38:00.116Z] HOOKS: Received session cookie: p0vET6cRM8...
[2026-01-20T14:38:00.129Z] HOOKS: API Response 200 OK
[2026-01-20T14:38:00.146Z] HOOKS: Received session cookie: p0vET6cRM8...
[2026-01-20T14:38:00.164Z] HOOKS: API Response 200 OK
[2026-01-20T14:38:00.187Z] HOOKS: Received session cookie: p0vET6cRM8...
[2026-01-20T14:38:00.199Z] HOOKS: API Response 200 OK
[2026-01-20T14:38:00.218Z] HOOKS: Received session cookie: p0vET6cRM8...
[2026-01-20T14:38:00.230Z] HOOKS: API Response 200 OK
[2026-01-20T14:38:00.255Z] HOOKS: Received session cookie: p0vET6cRM8...
[2026-01-20T14:38:00.270Z] HOOKS: API Response 200 OK
[2026-01-20T14:38:00.292Z] HOOKS: Received session cookie: p0vET6cRM8...
[2026-01-20T14:38:00.309Z] HOOKS: API Response 200 OK
[2026-01-20T14:38:00.336Z] HOOKS: Received session cookie: p0vET6cRM8...
[2026-01-20T14:38:00.350Z] HOOKS: API Response 200 OK
[2026-01-20T14:38:00.369Z] HOOKS: Received session cookie: p0vET6cRM8...
[2026-01-20T14:38:00.383Z] HOOKS: API Response 200 OK
[2026-01-20T14:38:30.447Z] HOOKS: Received session cookie: p0vET6cRM8...
[2026-01-20T14:38:30.498Z] HOOKS: API Response 200 OK
[2026-01-20T14:38:30.526Z] HOOKS: Received session cookie: p0vET6cRM8...
[2026-01-20T14:38:30.545Z] HOOKS: API Response 200 OK
[2026-01-20T14:38:30.572Z] HOOKS: Received session cookie: p0vET6cRM8...
[2026-01-20T14:38:30.588Z] HOOKS: API Response 200 OK
[2026-01-20T14:38:30.622Z] HOOKS: Received session cookie: p0vET6cRM8...
[2026-01-20T14:38:30.639Z] HOOKS: API Response 200 OK
[2026-01-20T14:38:30.662Z] HOOKS: Received session cookie: p0vET6cRM8...
[2026-01-20T14:38:30.677Z] HOOKS: API Response 200 OK
[2026-01-20T14:38:30.704Z] HOOKS: Received session cookie: p0vET6cRM8...
[2026-01-20T14:38:30.718Z] HOOKS: API Response 200 OK
[2026-01-20T14:38:30.736Z] HOOKS: Received session cookie: p0vET6cRM8...
[2026-01-20T14:38:30.749Z] HOOKS: API Response 200 OK
[2026-01-20T14:38:30.779Z] HOOKS: Received session cookie: p0vET6cRM8...
[2026-01-20T14:38:30.795Z] HOOKS: API Response 200 OK
[2026-01-20T14:38:30.817Z] HOOKS: Received session cookie: p0vET6cRM8...
[2026-01-20T14:38:30.830Z] HOOKS: API Response 200 OK
[2026-01-20T14:38:30.854Z] HOOKS: Received session cookie: p0vET6cRM8...
[2026-01-20T14:38:30.868Z] HOOKS: API Response 200 OK
[2026-01-20T14:38:30.890Z] HOOKS: Received session cookie: p0vET6cRM8...
[2026-01-20T14:38:30.905Z] HOOKS: API Response 200 OK
[2026-01-20T14:38:30.932Z] HOOKS: Received session cookie: p0vET6cRM8...
[2026-01-20T14:38:30.945Z] HOOKS: API Response 200 OK
[2026-01-20T14:38:30.963Z] HOOKS: Received session cookie: p0vET6cRM8...
[2026-01-20T14:38:30.977Z] HOOKS: API Response 200 OK
[2026-01-20T14:38:31.007Z] HOOKS: Received session cookie: p0vET6cRM8...
[2026-01-20T14:38:31.022Z] HOOKS: API Response 200 OK
[2026-01-20T14:38:31.042Z] HOOKS: Received session cookie: p0vET6cRM8...
[2026-01-20T14:38:31.057Z] HOOKS: API Response 200 OK
[2026-01-20T14:38:31.083Z] HOOKS: Received session cookie: p0vET6cRM8...
[2026-01-20T14:38:31.096Z] HOOKS: API Response 200 OK
[2026-01-20T14:38:31.118Z] HOOKS: Received session cookie: p0vET6cRM8...
[2026-01-20T14:38:31.130Z] HOOKS: API Response 200 OK
[2026-01-20T14:38:31.152Z] HOOKS: Received session cookie: p0vET6cRM8...
[2026-01-20T14:38:31.165Z] HOOKS: API Response 200 OK
[2026-01-20T14:38:31.182Z] HOOKS: Received session cookie: p0vET6cRM8...
[2026-01-20T14:38:31.197Z] HOOKS: API Response 200 OK
[2026-01-20T14:38:31.220Z] HOOKS: Received session cookie: p0vET6cRM8...
[2026-01-20T14:38:31.232Z] HOOKS: API Response 200 OK
[2026-01-20T14:39:31.276Z] HOOKS: Received session cookie: p0vET6cRM8...
[2026-01-20T14:39:31.317Z] HOOKS: API Response 200 OK
[2026-01-20T14:39:31.340Z] HOOKS: Received session cookie: p0vET6cRM8...
[2026-01-20T14:39:31.356Z] HOOKS: API Response 200 OK
[2026-01-20T14:39:31.387Z] HOOKS: Received session cookie: p0vET6cRM8...
[2026-01-20T14:39:31.405Z] HOOKS: API Response 200 OK
[2026-01-20T14:39:31.428Z] HOOKS: Received session cookie: p0vET6cRM8...
[2026-01-20T14:39:31.444Z] HOOKS: API Response 200 OK
[2026-01-20T14:39:31.469Z] HOOKS: Received session cookie: p0vET6cRM8...
[2026-01-20T14:39:31.484Z] HOOKS: API Response 200 OK
[2026-01-20T14:39:31.507Z] HOOKS: Received session cookie: p0vET6cRM8...
[2026-01-20T14:39:31.524Z] HOOKS: API Response 200 OK
[2026-01-20T14:39:31.551Z] HOOKS: Received session cookie: p0vET6cRM8...
[2026-01-20T14:39:31.564Z] HOOKS: API Response 200 OK
[2026-01-20T14:39:31.580Z] HOOKS: Received session cookie: p0vET6cRM8...
[2026-01-20T14:39:31.592Z] HOOKS: API Response 200 OK
[2026-01-20T14:39:31.612Z] HOOKS: Received session cookie: p0vET6cRM8...
[2026-01-20T14:39:31.630Z] HOOKS: API Response 200 OK
[2026-01-20T14:39:31.649Z] HOOKS: Received session cookie: p0vET6cRM8...
[2026-01-20T14:39:31.661Z] HOOKS: API Response 200 OK
[2026-01-20T14:39:31.687Z] HOOKS: Received session cookie: p0vET6cRM8...
[2026-01-20T14:39:31.707Z] HOOKS: API Response 200 OK
[2026-01-20T14:39:31.728Z] HOOKS: Received session cookie: p0vET6cRM8...
[2026-01-20T14:39:31.744Z] HOOKS: API Response 200 OK
[2026-01-20T14:39:31.771Z] HOOKS: Received session cookie: p0vET6cRM8...
[2026-01-20T14:39:31.784Z] HOOKS: API Response 200 OK
[2026-01-20T14:39:31.807Z] HOOKS: Received session cookie: p0vET6cRM8...
[2026-01-20T14:39:31.823Z] HOOKS: API Response 200 OK
[2026-01-20T14:39:31.850Z] HOOKS: Received session cookie: p0vET6cRM8...
[2026-01-20T14:39:31.865Z] HOOKS: API Response 200 OK
[2026-01-20T14:39:31.880Z] HOOKS: Received session cookie: p0vET6cRM8...
[2026-01-20T14:39:31.894Z] HOOKS: API Response 200 OK
[2026-01-20T14:39:31.919Z] HOOKS: Received session cookie: p0vET6cRM8...
[2026-01-20T14:39:31.933Z] HOOKS: API Response 200 OK
[2026-01-20T14:39:31.950Z] HOOKS: Received session cookie: p0vET6cRM8...
[2026-01-20T14:39:31.974Z] HOOKS: API Response 200 OK
[2026-01-20T14:39:32.001Z] HOOKS: Received session cookie: p0vET6cRM8...
[2026-01-20T14:39:32.015Z] HOOKS: API Response 200 OK
[2026-01-20T14:39:32.037Z] HOOKS: Received session cookie: p0vET6cRM8...
[2026-01-20T14:39:32.053Z] HOOKS: API Response 200 OK
[2026-01-20T14:40:00.103Z] HOOKS: Received session cookie: p0vET6cRM8...
[2026-01-20T14:40:00.147Z] HOOKS: API Response 200 OK
[2026-01-20T14:40:03.588Z] HOOKS: Received session cookie: p0vET6cRM8...
[2026-01-20T14:40:03.609Z] HOOKS: API Response 200 OK
[2026-01-20T14:42:04.730Z] HOOKS: Received session cookie: p0vET6cRM8...
[2026-01-20T14:42:04.783Z] HOOKS: API Response 200 OK
[2026-01-20T14:42:04.815Z] DASHBOARD LOAD: OrgID=null, Role=member, Permissions=null
[2026-01-20T14:42:05.363Z] HOOKS: Received session cookie: p0vET6cRM8...
[2026-01-20T14:42:05.389Z] HOOKS: API Response 200 OK
[2026-01-20T14:43:58.723Z] HOOKS: Received session cookie: p0vET6cRM8...
[2026-01-20T14:43:58.762Z] HOOKS: API Response 200 OK
[2026-01-20T14:43:58.797Z] ORG LIST: Session ActiveOrg=d1ubZpvLyz34wBHomRWdCBBY2hVG7Ghc, List Status=401
[2026-01-20T14:43:58.801Z] DASHBOARD LOAD: OrgID=null, Role=member, Permissions=null
[2026-01-20T14:43:59.315Z] HOOKS: Received session cookie: p0vET6cRM8...
[2026-01-20T14:43:59.335Z] HOOKS: API Response 200 OK
[2026-01-20T14:45:22.556Z] HOOKS: Received session cookie: p0vET6cRM8...
[2026-01-20T14:45:22.600Z] HOOKS: API Response 200 OK
[2026-01-20T14:45:22.638Z] ORG LIST: Session ActiveOrg=d1ubZpvLyz34wBHomRWdCBBY2hVG7Ghc, List Status=200
[2026-01-20T14:45:22.647Z] ORG LIST: Count=1, IDs=["d1ubZpvLyz34wBHomRWdCBBY2hVG7Ghc"]
[2026-01-20T14:45:22.677Z] DASHBOARD LOAD: OrgID=d1ubZpvLyz34wBHomRWdCBBY2hVG7Ghc, Role=owner, Permissions=null
[2026-01-20T14:45:23.161Z] HOOKS: Received session cookie: p0vET6cRM8...
[2026-01-20T14:45:23.184Z] HOOKS: API Response 200 OK
[2026-01-20T14:45:24.312Z] HOOKS: Received session cookie: p0vET6cRM8...
[2026-01-20T14:45:24.341Z] HOOKS: API Response 200 OK
[2026-01-20T14:45:24.576Z] ORG LIST: Session ActiveOrg=d1ubZpvLyz34wBHomRWdCBBY2hVG7Ghc, List Status=200
[2026-01-20T14:45:24.597Z] ORG LIST: Count=1, IDs=["d1ubZpvLyz34wBHomRWdCBBY2hVG7Ghc"]
[2026-01-20T14:45:24.634Z] DASHBOARD LOAD: OrgID=d1ubZpvLyz34wBHomRWdCBBY2hVG7Ghc, Role=owner, Permissions=null
[2026-01-20T14:45:45.763Z] HOOKS: Received session cookie: p0vET6cRM8...
[2026-01-20T14:45:45.771Z] HOOKS: Received session cookie: p0vET6cRM8...
[2026-01-20T14:45:46.156Z] HOOKS: API Response 200 OK
[2026-01-20T14:45:46.160Z] HOOKS: API Response 200 OK
[2026-01-20T14:45:47.906Z] ORG LIST: Session ActiveOrg=d1ubZpvLyz34wBHomRWdCBBY2hVG7Ghc, List Status=200
[2026-01-20T14:45:47.922Z] ORG LIST: Session ActiveOrg=d1ubZpvLyz34wBHomRWdCBBY2hVG7Ghc, List Status=200
[2026-01-20T14:45:47.936Z] ORG LIST: Count=1, IDs=["d1ubZpvLyz34wBHomRWdCBBY2hVG7Ghc"]
[2026-01-20T14:45:47.941Z] ORG LIST: Count=1, IDs=["d1ubZpvLyz34wBHomRWdCBBY2hVG7Ghc"]
[2026-01-20T14:45:47.974Z] DASHBOARD LOAD: OrgID=d1ubZpvLyz34wBHomRWdCBBY2hVG7Ghc, Role=owner, Permissions=null
[2026-01-20T14:45:48.033Z] DASHBOARD LOAD: OrgID=d1ubZpvLyz34wBHomRWdCBBY2hVG7Ghc, Role=owner, Permissions=null
[2026-01-20T14:45:49.248Z] HOOKS: Received session cookie: p0vET6cRM8...
[2026-01-20T14:45:49.264Z] HOOKS: API Response 200 OK
[2026-01-20T14:45:49.296Z] ORG LIST: Session ActiveOrg=d1ubZpvLyz34wBHomRWdCBBY2hVG7Ghc, List Status=200
[2026-01-20T14:45:49.306Z] ORG LIST: Count=1, IDs=["d1ubZpvLyz34wBHomRWdCBBY2hVG7Ghc"]
[2026-01-20T14:45:49.331Z] DASHBOARD LOAD: OrgID=d1ubZpvLyz34wBHomRWdCBBY2hVG7Ghc, Role=owner, Permissions=null
[2026-01-20T14:45:55.428Z] HOOKS: Received session cookie: p0vET6cRM8...
[2026-01-20T14:45:55.489Z] HOOKS: API Response 200 OK
[2026-01-20T14:45:55.736Z] ORG LIST: Session ActiveOrg=d1ubZpvLyz34wBHomRWdCBBY2hVG7Ghc, List Status=200
[2026-01-20T14:45:55.776Z] ORG LIST: Count=1, IDs=["d1ubZpvLyz34wBHomRWdCBBY2hVG7Ghc"]
[2026-01-20T14:45:55.826Z] DASHBOARD LOAD: OrgID=d1ubZpvLyz34wBHomRWdCBBY2hVG7Ghc, Role=owner, Permissions=null
[2026-01-20T14:45:59.322Z] HOOKS: Received session cookie: p0vET6cRM8...
[2026-01-20T14:45:59.383Z] HOOKS: API Response 200 OK
[2026-01-20T14:45:59.418Z] ORG LIST: Session ActiveOrg=d1ubZpvLyz34wBHomRWdCBBY2hVG7Ghc, List Status=200
[2026-01-20T14:45:59.426Z] ORG LIST: Count=1, IDs=["d1ubZpvLyz34wBHomRWdCBBY2hVG7Ghc"]
[2026-01-20T14:45:59.450Z] DASHBOARD LOAD: OrgID=d1ubZpvLyz34wBHomRWdCBBY2hVG7Ghc, Role=owner, Permissions=null
[2026-01-20T14:46:00.581Z] HOOKS: Received session cookie: p0vET6cRM8...
[2026-01-20T14:46:00.606Z] HOOKS: API Response 200 OK
[2026-01-20T14:46:05.662Z] HOOKS: Received session cookie: p0vET6cRM8...
[2026-01-20T14:46:05.684Z] HOOKS: API Response 200 OK
[2026-01-20T14:46:05.733Z] ORG LIST: Session ActiveOrg=d1ubZpvLyz34wBHomRWdCBBY2hVG7Ghc, List Status=200
[2026-01-20T14:46:05.747Z] ORG LIST: Count=1, IDs=["d1ubZpvLyz34wBHomRWdCBBY2hVG7Ghc"]
[2026-01-20T14:46:05.770Z] DASHBOARD LOAD: OrgID=d1ubZpvLyz34wBHomRWdCBBY2hVG7Ghc, Role=owner, Permissions=null
[2026-01-20T14:46:08.856Z] HOOKS: Received session cookie: p0vET6cRM8...
[2026-01-20T14:46:08.996Z] HOOKS: API Response 200 OK
[2026-01-20T14:46:09.061Z] ORG LIST: Session ActiveOrg=d1ubZpvLyz34wBHomRWdCBBY2hVG7Ghc, List Status=200
[2026-01-20T14:46:09.171Z] ORG LIST: Count=1, IDs=["d1ubZpvLyz34wBHomRWdCBBY2hVG7Ghc"]
[2026-01-20T14:46:09.323Z] DASHBOARD LOAD: OrgID=d1ubZpvLyz34wBHomRWdCBBY2hVG7Ghc, Role=owner, Permissions=null
[2026-01-20T14:46:20.252Z] HOOKS: Received session cookie: p0vET6cRM8...
[2026-01-20T14:46:20.286Z] HOOKS: API Response 200 OK
[2026-01-20T14:46:20.317Z] ORG LIST: Session ActiveOrg=d1ubZpvLyz34wBHomRWdCBBY2hVG7Ghc, List Status=200
[2026-01-20T14:46:20.327Z] ORG LIST: Count=1, IDs=["d1ubZpvLyz34wBHomRWdCBBY2hVG7Ghc"]
[2026-01-20T14:46:20.346Z] DASHBOARD LOAD: OrgID=d1ubZpvLyz34wBHomRWdCBBY2hVG7Ghc, Role=owner, Permissions=null
[2026-01-20T14:47:12.772Z] HOOKS: Received session cookie: p0vET6cRM8...
[2026-01-20T14:47:12.826Z] HOOKS: API Response 200 OK
[2026-01-20T14:47:22.234Z] HOOKS: Received session cookie: p0vET6cRM8...
[2026-01-20T14:47:22.308Z] HOOKS: API Response 200 OK
[2026-01-20T14:47:22.367Z] ORG LIST: Session ActiveOrg=d1ubZpvLyz34wBHomRWdCBBY2hVG7Ghc, List Status=200
[2026-01-20T14:47:22.377Z] ORG LIST: Count=1, IDs=["d1ubZpvLyz34wBHomRWdCBBY2hVG7Ghc"]
[2026-01-20T14:47:22.408Z] DASHBOARD LOAD: OrgID=d1ubZpvLyz34wBHomRWdCBBY2hVG7Ghc, Role=owner, Permissions=null
[2026-01-20T14:47:27.351Z] HOOKS: Received session cookie: p0vET6cRM8...
[2026-01-20T14:47:27.466Z] HOOKS: API Response 200 OK
[2026-01-20T14:47:27.514Z] ORG LIST: Session ActiveOrg=d1ubZpvLyz34wBHomRWdCBBY2hVG7Ghc, List Status=200
[2026-01-20T14:47:27.522Z] ORG LIST: Count=1, IDs=["d1ubZpvLyz34wBHomRWdCBBY2hVG7Ghc"]
[2026-01-20T14:47:27.549Z] DASHBOARD LOAD: OrgID=d1ubZpvLyz34wBHomRWdCBBY2hVG7Ghc, Role=owner, Permissions=null
[2026-01-20T14:47:28.357Z] HOOKS: Received session cookie: p0vET6cRM8...
[2026-01-20T14:47:28.421Z] HOOKS: API Response 200 OK
[2026-01-20T14:47:30.996Z] HOOKS: Received session cookie: p0vET6cRM8...
[2026-01-20T14:47:31.012Z] HOOKS: API Response 200 OK
[2026-01-20T14:47:31.046Z] ORG LIST: Session ActiveOrg=d1ubZpvLyz34wBHomRWdCBBY2hVG7Ghc, List Status=200
[2026-01-20T14:47:31.054Z] ORG LIST: Count=1, IDs=["d1ubZpvLyz34wBHomRWdCBBY2hVG7Ghc"]
[2026-01-20T14:47:31.079Z] DASHBOARD LOAD: OrgID=d1ubZpvLyz34wBHomRWdCBBY2hVG7Ghc, Role=owner, Permissions=null
[2026-01-20T14:47:39.128Z] HOOKS: Received session cookie: p0vET6cRM8...
[2026-01-20T14:47:39.154Z] HOOKS: API Response 200 OK
[2026-01-20T14:47:41.368Z] HOOKS: Received session cookie: p0vET6cRM8...
[2026-01-20T14:47:41.391Z] HOOKS: API Response 200 OK
[2026-01-20T14:48:13.753Z] HOOKS: Received session cookie: p0vET6cRM8...
[2026-01-20T14:48:13.797Z] HOOKS: API Response 200 OK
[2026-01-20T14:48:13.809Z] COOKIE INJECT: Injecting token into request to http://localhost:8787/service-categories
[2026-01-20T14:48:15.130Z] HOOKS: Received session cookie: p0vET6cRM8...
[2026-01-20T14:48:15.152Z] HOOKS: API Response 200 OK
[2026-01-20T14:48:15.162Z] COOKIE INJECT: Injecting token into request to http://localhost:8787/service-categories
[2026-01-20T14:48:23.025Z] HOOKS: Received session cookie: p0vET6cRM8...
[2026-01-20T14:48:23.058Z] HOOKS: API Response 200 OK
[2026-01-20T14:48:23.067Z] COOKIE INJECT: Injecting token into request to http://localhost:8787/api/auth/organization/get-full-organization
[2026-01-20T14:48:23.086Z] COOKIE INJECT: Injecting token into request to http://localhost:8787/api/auth/organization/list
[2026-01-20T14:48:23.118Z] ORG LIST: Session ActiveOrg=d1ubZpvLyz34wBHomRWdCBBY2hVG7Ghc, List Status=200
[2026-01-20T14:48:23.126Z] ORG LIST: Count=1, IDs=["d1ubZpvLyz34wBHomRWdCBBY2hVG7Ghc"]
[2026-01-20T14:48:23.130Z] COOKIE INJECT: Injecting token into request to http://localhost:8787/members/me
[2026-01-20T14:48:23.155Z] DASHBOARD LOAD: OrgID=d1ubZpvLyz34wBHomRWdCBBY2hVG7Ghc, Role=owner, Permissions=null
[2026-01-20T14:48:23.160Z] COOKIE INJECT: Injecting token into request to http://localhost:8787/services
[2026-01-20T14:48:23.166Z] COOKIE INJECT: Injecting token into request to http://localhost:8787/service-categories
[2026-01-20T14:48:23.829Z] HOOKS: Received session cookie: p0vET6cRM8...
[2026-01-20T14:48:23.867Z] HOOKS: API Response 200 OK
[2026-01-20T14:48:43.771Z] HOOKS: Received session cookie: p0vET6cRM8...
[2026-01-20T14:48:43.817Z] HOOKS: API Response 200 OK
[2026-01-20T14:48:43.826Z] COOKIE INJECT: Injecting token into request to http://localhost:8787/service-categories
[2026-01-20T14:51:07.834Z] HOOKS: Received session cookie: p0vET6cRM8...
[2026-01-20T14:51:07.931Z] HOOKS: API Response 200 OK
[2026-01-20T14:51:07.945Z] COOKIE INJECT: Injecting token into request to http://localhost:8787/service-categories
[2026-01-20T14:52:51.928Z] HOOKS: Received session cookie: p0vET6cRM8...
[2026-01-20T14:52:52.023Z] HOOKS: API Response 200 OK
[2026-01-20T14:52:52.035Z] COOKIE INJECT: Injecting token into request to http://localhost:8787/service-categories
[2026-01-20T14:52:53.521Z] HOOKS: Received session cookie: p0vET6cRM8...
[2026-01-20T14:52:53.552Z] HOOKS: API Response 200 OK
[2026-01-20T14:52:53.568Z] COOKIE INJECT: Injecting token into request to http://localhost:8787/service-categories
[2026-01-20T14:54:33.165Z] HOOKS: Received session cookie: p0vET6cRM8...
[2026-01-20T14:54:33.210Z] HOOKS: API Response 200 OK
[2026-01-20T14:54:33.221Z] ACTION createCategory: OrgID=d1ubZpvLyz34wBHomRWdCBBY2hVG7Ghc, SessionToken=present, CookieHeader=better-auth.session_token=p0vET6cRM85vQDG73f0FMpPj...
[2026-01-20T14:54:33.226Z] COOKIE INJECT: Injecting token into request to http://localhost:8787/service-categories
[2026-01-20T14:54:33.288Z] HOOKS: Received session cookie: p0vET6cRM8...
[2026-01-20T14:54:33.316Z] HOOKS: API Response 200 OK
[2026-01-20T14:54:33.330Z] COOKIE INJECT: Injecting token into request to http://localhost:8787/api/auth/organization/get-full-organization
[2026-01-20T14:54:33.347Z] COOKIE INJECT: Injecting token into request to http://localhost:8787/api/auth/organization/list
[2026-01-20T14:54:33.394Z] ORG LIST: Session ActiveOrg=d1ubZpvLyz34wBHomRWdCBBY2hVG7Ghc, List Status=200
[2026-01-20T14:54:33.417Z] ORG LIST: Count=1, IDs=["d1ubZpvLyz34wBHomRWdCBBY2hVG7Ghc"]
[2026-01-20T14:54:33.421Z] COOKIE INJECT: Injecting token into request to http://localhost:8787/members/me
[2026-01-20T14:54:33.455Z] DASHBOARD LOAD: OrgID=d1ubZpvLyz34wBHomRWdCBBY2hVG7Ghc, Role=owner, Permissions=null
[2026-01-20T14:54:33.460Z] COOKIE INJECT: Injecting token into request to http://localhost:8787/services
[2026-01-20T14:54:33.465Z] COOKIE INJECT: Injecting token into request to http://localhost:8787/service-categories
[2026-01-20T14:54:39.246Z] HOOKS: Received session cookie: p0vET6cRM8...
[2026-01-20T14:54:39.275Z] HOOKS: API Response 200 OK
[2026-01-20T14:54:39.286Z] COOKIE INJECT: Injecting token into request to http://localhost:8787/api/auth/organization/get-full-organization
[2026-01-20T14:54:39.306Z] COOKIE INJECT: Injecting token into request to http://localhost:8787/api/auth/organization/list
[2026-01-20T14:54:39.339Z] ORG LIST: Session ActiveOrg=d1ubZpvLyz34wBHomRWdCBBY2hVG7Ghc, List Status=200
[2026-01-20T14:54:39.348Z] ORG LIST: Count=1, IDs=["d1ubZpvLyz34wBHomRWdCBBY2hVG7Ghc"]
[2026-01-20T14:54:39.352Z] COOKIE INJECT: Injecting token into request to http://localhost:8787/members/me
[2026-01-20T14:54:39.378Z] DASHBOARD LOAD: OrgID=d1ubZpvLyz34wBHomRWdCBBY2hVG7Ghc, Role=owner, Permissions=null
[2026-01-20T14:54:39.383Z] COOKIE INJECT: Injecting token into request to http://localhost:8787/services
[2026-01-20T14:54:39.390Z] COOKIE INJECT: Injecting token into request to http://localhost:8787/service-categories
[2026-01-20T14:54:39.940Z] HOOKS: Received session cookie: p0vET6cRM8...
[2026-01-20T14:54:39.973Z] HOOKS: API Response 200 OK
[2026-01-20T15:04:55.909Z] HOOKS: Received session cookie: p0vET6cRM8...
[2026-01-20T15:04:55.958Z] HOOKS: API Response 200 OK
[2026-01-20T15:04:55.969Z] COOKIE INJECT: Injecting token into request to http://localhost:8787/api/auth/organization/get-full-organization
[2026-01-20T15:04:55.989Z] COOKIE INJECT: Injecting token into request to http://localhost:8787/api/auth/organization/list
[2026-01-20T15:04:56.022Z] ORG LIST: Session ActiveOrg=d1ubZpvLyz34wBHomRWdCBBY2hVG7Ghc, List Status=200
[2026-01-20T15:04:56.030Z] ORG LIST: Count=1, IDs=["d1ubZpvLyz34wBHomRWdCBBY2hVG7Ghc"]
[2026-01-20T15:04:56.034Z] COOKIE INJECT: Injecting token into request to http://localhost:8787/members/me
[2026-01-20T15:04:56.061Z] DASHBOARD LOAD: OrgID=d1ubZpvLyz34wBHomRWdCBBY2hVG7Ghc, Role=owner, Permissions=null
[2026-01-20T15:04:56.065Z] COOKIE INJECT: Injecting token into request to http://localhost:8787/services
[2026-01-20T15:04:56.068Z] COOKIE INJECT: Injecting token into request to http://localhost:8787/service-categories
[2026-01-20T15:04:56.655Z] HOOKS: Received session cookie: p0vET6cRM8...
[2026-01-20T15:04:56.693Z] HOOKS: API Response 200 OK
[2026-01-20T15:05:06.975Z] HOOKS: Received session cookie: p0vET6cRM8...
[2026-01-20T15:05:07.029Z] HOOKS: API Response 200 OK
[2026-01-20T15:05:07.041Z] COOKIE INJECT: Injecting token into request to http://localhost:8787/service-categories
[2026-01-20T15:05:07.097Z] HOOKS: Received session cookie: p0vET6cRM8...
[2026-01-20T15:05:07.123Z] HOOKS: API Response 200 OK
[2026-01-20T15:05:07.135Z] COOKIE INJECT: Injecting token into request to http://localhost:8787/api/auth/organization/get-full-organization
[2026-01-20T15:05:07.152Z] COOKIE INJECT: Injecting token into request to http://localhost:8787/api/auth/organization/list
[2026-01-20T15:05:07.196Z] ORG LIST: Session ActiveOrg=d1ubZpvLyz34wBHomRWdCBBY2hVG7Ghc, List Status=200
[2026-01-20T15:05:07.204Z] ORG LIST: Count=1, IDs=["d1ubZpvLyz34wBHomRWdCBBY2hVG7Ghc"]
[2026-01-20T15:05:07.208Z] COOKIE INJECT: Injecting token into request to http://localhost:8787/members/me
[2026-01-20T15:05:07.238Z] DASHBOARD LOAD: OrgID=d1ubZpvLyz34wBHomRWdCBBY2hVG7Ghc, Role=owner, Permissions=null
[2026-01-20T15:05:07.242Z] COOKIE INJECT: Injecting token into request to http://localhost:8787/services
[2026-01-20T15:05:07.246Z] COOKIE INJECT: Injecting token into request to http://localhost:8787/service-categories
[2026-01-20T15:05:11.434Z] HOOKS: Received session cookie: p0vET6cRM8...
[2026-01-20T15:05:11.457Z] HOOKS: API Response 200 OK
[2026-01-20T15:05:11.475Z] COOKIE INJECT: Injecting token into request to http://localhost:8787/api/auth/organization/get-full-organization
[2026-01-20T15:05:11.534Z] COOKIE INJECT: Injecting token into request to http://localhost:8787/api/auth/organization/list
[2026-01-20T15:05:11.574Z] ORG LIST: Session ActiveOrg=d1ubZpvLyz34wBHomRWdCBBY2hVG7Ghc, List Status=200
[2026-01-20T15:05:11.633Z] ORG LIST: Count=1, IDs=["d1ubZpvLyz34wBHomRWdCBBY2hVG7Ghc"]
[2026-01-20T15:05:11.676Z] COOKIE INJECT: Injecting token into request to http://localhost:8787/members/me
[2026-01-20T15:05:11.702Z] DASHBOARD LOAD: OrgID=d1ubZpvLyz34wBHomRWdCBBY2hVG7Ghc, Role=owner, Permissions=null
[2026-01-20T15:05:11.706Z] COOKIE INJECT: Injecting token into request to http://localhost:8787/bookings?page=1&limit=20
[2026-01-20T15:05:11.710Z] COOKIE INJECT: Injecting token into request to http://localhost:8787/bookings/stats?
[2026-01-20T15:05:11.715Z] COOKIE INJECT: Injecting token into request to http://localhost:8787/customers
[2026-01-20T15:05:11.719Z] COOKIE INJECT: Injecting token into request to http://localhost:8787/services
[2026-01-20T15:05:11.723Z] COOKIE INJECT: Injecting token into request to http://localhost:8787/services/categories
[2026-01-20T15:05:11.725Z] COOKIE INJECT: Injecting token into request to http://localhost:8787/members
[2026-01-20T15:16:50.372Z] HOOKS: Received session cookie: p0vET6cRM8...
[2026-01-20T15:16:50.429Z] HOOKS: API Response 200 OK
[2026-01-20T15:16:50.438Z] COOKIE INJECT: Injecting token into request to http://localhost:8787/api/auth/organization/get-full-organization
[2026-01-20T15:16:50.460Z] COOKIE INJECT: Injecting token into request to http://localhost:8787/api/auth/organization/list
[2026-01-20T15:16:50.497Z] ORG LIST: Session ActiveOrg=d1ubZpvLyz34wBHomRWdCBBY2hVG7Ghc, List Status=200
[2026-01-20T15:16:50.507Z] ORG LIST: Count=1, IDs=["d1ubZpvLyz34wBHomRWdCBBY2hVG7Ghc"]
[2026-01-20T15:16:50.511Z] COOKIE INJECT: Injecting token into request to http://localhost:8787/members/me
[2026-01-20T15:16:50.535Z] DASHBOARD LOAD: OrgID=d1ubZpvLyz34wBHomRWdCBBY2hVG7Ghc, Role=owner, Permissions=null
[2026-01-20T15:16:50.541Z] COOKIE INJECT: Injecting token into request to http://localhost:8787/bookings?page=1&limit=20
[2026-01-20T15:16:50.546Z] COOKIE INJECT: Injecting token into request to http://localhost:8787/bookings/stats?
[2026-01-20T15:16:50.550Z] COOKIE INJECT: Injecting token into request to http://localhost:8787/customers
[2026-01-20T15:16:50.553Z] COOKIE INJECT: Injecting token into request to http://localhost:8787/services
[2026-01-20T15:16:50.559Z] COOKIE INJECT: Injecting token into request to http://localhost:8787/services/categories
[2026-01-20T15:16:50.563Z] COOKIE INJECT: Injecting token into request to http://localhost:8787/members
[2026-01-20T15:18:20.517Z] HOOKS: Received session cookie: p0vET6cRM8...
[2026-01-20T15:18:20.565Z] HOOKS: API Response 200 OK
[2026-01-20T15:18:20.575Z] COOKIE INJECT: Injecting token into request to http://localhost:8787/api/auth/organization/get-full-organization
[2026-01-20T15:18:20.594Z] COOKIE INJECT: Injecting token into request to http://localhost:8787/api/auth/organization/list
[2026-01-20T15:18:20.624Z] ORG LIST: Session ActiveOrg=d1ubZpvLyz34wBHomRWdCBBY2hVG7Ghc, List Status=200
[2026-01-20T15:18:20.632Z] ORG LIST: Count=1, IDs=["d1ubZpvLyz34wBHomRWdCBBY2hVG7Ghc"]
[2026-01-20T15:18:20.637Z] COOKIE INJECT: Injecting token into request to http://localhost:8787/members/me
[2026-01-20T15:18:20.665Z] DASHBOARD LOAD: OrgID=d1ubZpvLyz34wBHomRWdCBBY2hVG7Ghc, Role=owner, Permissions=null
[2026-01-20T15:18:20.669Z] COOKIE INJECT: Injecting token into request to http://localhost:8787/bookings?page=1&limit=20
[2026-01-20T15:18:20.673Z] COOKIE INJECT: Injecting token into request to http://localhost:8787/bookings/stats?
[2026-01-20T15:18:20.677Z] COOKIE INJECT: Injecting token into request to http://localhost:8787/customers
[2026-01-20T15:18:20.681Z] COOKIE INJECT: Injecting token into request to http://localhost:8787/services
[2026-01-20T15:18:20.685Z] COOKIE INJECT: Injecting token into request to http://localhost:8787/services/categories
[2026-01-20T15:18:20.688Z] COOKIE INJECT: Injecting token into request to http://localhost:8787/members
[2026-01-20T15:18:40.508Z] HOOKS: Received session cookie: p0vET6cRM8...
[2026-01-20T15:18:40.600Z] HOOKS: API Response 200 OK
[2026-01-20T15:19:48.046Z] HOOKS: Received session cookie: p0vET6cRM8...
[2026-01-20T15:19:48.089Z] HOOKS: API Response 200 OK
[2026-01-20T15:19:48.097Z] COOKIE INJECT: Injecting token into request to http://localhost:8787/api/auth/organization/get-full-organization
[2026-01-20T15:19:48.115Z] COOKIE INJECT: Injecting token into request to http://localhost:8787/api/auth/organization/list
[2026-01-20T15:19:48.145Z] ORG LIST: Session ActiveOrg=d1ubZpvLyz34wBHomRWdCBBY2hVG7Ghc, List Status=200
[2026-01-20T15:19:48.152Z] ORG LIST: Count=1, IDs=["d1ubZpvLyz34wBHomRWdCBBY2hVG7Ghc"]
[2026-01-20T15:19:48.156Z] COOKIE INJECT: Injecting token into request to http://localhost:8787/members/me
[2026-01-20T15:19:48.181Z] DASHBOARD LOAD: OrgID=d1ubZpvLyz34wBHomRWdCBBY2hVG7Ghc, Role=owner, Permissions=null
[2026-01-20T15:19:48.186Z] COOKIE INJECT: Injecting token into request to http://localhost:8787/bookings?page=1&limit=20
[2026-01-20T15:19:48.190Z] COOKIE INJECT: Injecting token into request to http://localhost:8787/bookings/stats?
[2026-01-20T15:19:48.194Z] COOKIE INJECT: Injecting token into request to http://localhost:8787/customers
[2026-01-20T15:19:48.197Z] COOKIE INJECT: Injecting token into request to http://localhost:8787/services
[2026-01-20T15:19:48.202Z] COOKIE INJECT: Injecting token into request to http://localhost:8787/services/categories
[2026-01-20T15:19:48.206Z] COOKIE INJECT: Injecting token into request to http://localhost:8787/members
[2026-01-20T15:19:48.411Z] HOOKS: Received session cookie: p0vET6cRM8...
[2026-01-20T15:19:48.434Z] HOOKS: API Response 200 OK
